0 info it worked if it ends with ok
1 verbose cli [ '/usr/bin/nodejs', '/usr/bin/npm', 'install' ]
2 info using npm@1.3.10
3 info using node@v0.10.25
4 verbose readDependencies using package.json deps
5 verbose install where, deps [ '/home/m1012322/dbiz/exp/basic/basic',
5 verbose install   [ 'autoprefixer-core',
5 verbose install     'grunt',
5 verbose install     'grunt-babel',
5 verbose install     'grunt-browser-sync',
5 verbose install     'grunt-concurrent',
5 verbose install     'grunt-contrib-clean',
5 verbose install     'grunt-contrib-concat',
5 verbose install     'grunt-contrib-copy',
5 verbose install     'grunt-contrib-cssmin',
5 verbose install     'grunt-contrib-htmlmin',
5 verbose install     'grunt-contrib-imagemin',
5 verbose install     'grunt-contrib-uglify',
5 verbose install     'grunt-contrib-watch',
5 verbose install     'grunt-eslint',
5 verbose install     'grunt-filerev',
5 verbose install     'grunt-mocha',
5 verbose install     'grunt-modernizr',
5 verbose install     'grunt-newer',
5 verbose install     'grunt-postcss',
5 verbose install     'grunt-sass',
5 verbose install     'grunt-svgmin',
5 verbose install     'grunt-usemin',
5 verbose install     'grunt-wiredep',
5 verbose install     'jit-grunt',
5 verbose install     'time-grunt' ] ]
6 info preinstall @
7 verbose readDependencies using package.json deps
8 verbose cache add [ 'grunt-babel@^5.0.0', null ]
9 verbose cache add name=undefined spec="grunt-babel@^5.0.0" args=["grunt-babel@^5.0.0",null]
10 verbose parsed url { protocol: null,
10 verbose parsed url   slashes: null,
10 verbose parsed url   auth: null,
10 verbose parsed url   host: null,
10 verbose parsed url   port: null,
10 verbose parsed url   hostname: null,
10 verbose parsed url   hash: null,
10 verbose parsed url   search: null,
10 verbose parsed url   query: null,
10 verbose parsed url   pathname: 'grunt-babel@^5.0.0',
10 verbose parsed url   path: 'grunt-babel@^5.0.0',
10 verbose parsed url   href: 'grunt-babel@^5.0.0' }
11 verbose cache add name="grunt-babel" spec="^5.0.0" args=["grunt-babel","^5.0.0"]
12 verbose parsed url { protocol: null,
12 verbose parsed url   slashes: null,
12 verbose parsed url   auth: null,
12 verbose parsed url   host: null,
12 verbose parsed url   port: null,
12 verbose parsed url   hostname: null,
12 verbose parsed url   hash: null,
12 verbose parsed url   search: null,
12 verbose parsed url   query: null,
12 verbose parsed url   pathname: '^5.0.0',
12 verbose parsed url   path: '^5.0.0',
12 verbose parsed url   href: '^5.0.0' }
13 verbose addNamed [ 'grunt-babel', '^5.0.0' ]
14 verbose addNamed [ null, '>=5.0.0-0 <6.0.0-0' ]
15 verbose cache add [ 'autoprefixer-core@^5.2.1', null ]
16 verbose cache add name=undefined spec="autoprefixer-core@^5.2.1" args=["autoprefixer-core@^5.2.1",null]
17 verbose parsed url { protocol: null,
17 verbose parsed url   slashes: null,
17 verbose parsed url   auth: null,
17 verbose parsed url   host: null,
17 verbose parsed url   port: null,
17 verbose parsed url   hostname: null,
17 verbose parsed url   hash: null,
17 verbose parsed url   search: null,
17 verbose parsed url   query: null,
17 verbose parsed url   pathname: 'autoprefixer-core@^5.2.1',
17 verbose parsed url   path: 'autoprefixer-core@^5.2.1',
17 verbose parsed url   href: 'autoprefixer-core@^5.2.1' }
18 verbose cache add name="autoprefixer-core" spec="^5.2.1" args=["autoprefixer-core","^5.2.1"]
19 verbose parsed url { protocol: null,
19 verbose parsed url   slashes: null,
19 verbose parsed url   auth: null,
19 verbose parsed url   host: null,
19 verbose parsed url   port: null,
19 verbose parsed url   hostname: null,
19 verbose parsed url   hash: null,
19 verbose parsed url   search: null,
19 verbose parsed url   query: null,
19 verbose parsed url   pathname: '^5.2.1',
19 verbose parsed url   path: '^5.2.1',
19 verbose parsed url   href: '^5.2.1' }
20 verbose addNamed [ 'autoprefixer-core', '^5.2.1' ]
21 verbose addNamed [ null, '>=5.2.1-0 <6.0.0-0' ]
22 verbose cache add [ 'grunt@^0.4.5', null ]
23 verbose cache add name=undefined spec="grunt@^0.4.5" args=["grunt@^0.4.5",null]
24 verbose parsed url { protocol: null,
24 verbose parsed url   slashes: null,
24 verbose parsed url   auth: null,
24 verbose parsed url   host: null,
24 verbose parsed url   port: null,
24 verbose parsed url   hostname: null,
24 verbose parsed url   hash: null,
24 verbose parsed url   search: null,
24 verbose parsed url   query: null,
24 verbose parsed url   pathname: 'grunt@^0.4.5',
24 verbose parsed url   path: 'grunt@^0.4.5',
24 verbose parsed url   href: 'grunt@^0.4.5' }
25 verbose cache add name="grunt" spec="^0.4.5" args=["grunt","^0.4.5"]
26 verbose parsed url { protocol: null,
26 verbose parsed url   slashes: null,
26 verbose parsed url   auth: null,
26 verbose parsed url   host: null,
26 verbose parsed url   port: null,
26 verbose parsed url   hostname: null,
26 verbose parsed url   hash: null,
26 verbose parsed url   search: null,
26 verbose parsed url   query: null,
26 verbose parsed url   pathname: '^0.4.5',
26 verbose parsed url   path: '^0.4.5',
26 verbose parsed url   href: '^0.4.5' }
27 verbose addNamed [ 'grunt', '^0.4.5' ]
28 verbose addNamed [ null, '>=0.4.5-0 <0.5.0-0' ]
29 silly lockFile 41a553de-grunt-babel-5-0-0 grunt-babel@^5.0.0
30 verbose lock grunt-babel@^5.0.0 /home/m1012322/.npm/41a553de-grunt-babel-5-0-0.lock
31 silly lockFile 9fe93f56-autoprefixer-core-5-2-1 autoprefixer-core@^5.2.1
32 verbose lock autoprefixer-core@^5.2.1 /home/m1012322/.npm/9fe93f56-autoprefixer-core-5-2-1.lock
33 verbose cache add [ 'grunt-browser-sync@^2.1.2', null ]
34 verbose cache add name=undefined spec="grunt-browser-sync@^2.1.2" args=["grunt-browser-sync@^2.1.2",null]
35 verbose parsed url { protocol: null,
35 verbose parsed url   slashes: null,
35 verbose parsed url   auth: null,
35 verbose parsed url   host: null,
35 verbose parsed url   port: null,
35 verbose parsed url   hostname: null,
35 verbose parsed url   hash: null,
35 verbose parsed url   search: null,
35 verbose parsed url   query: null,
35 verbose parsed url   pathname: 'grunt-browser-sync@^2.1.2',
35 verbose parsed url   path: 'grunt-browser-sync@^2.1.2',
35 verbose parsed url   href: 'grunt-browser-sync@^2.1.2' }
36 verbose cache add name="grunt-browser-sync" spec="^2.1.2" args=["grunt-browser-sync","^2.1.2"]
37 verbose parsed url { protocol: null,
37 verbose parsed url   slashes: null,
37 verbose parsed url   auth: null,
37 verbose parsed url   host: null,
37 verbose parsed url   port: null,
37 verbose parsed url   hostname: null,
37 verbose parsed url   hash: null,
37 verbose parsed url   search: null,
37 verbose parsed url   query: null,
37 verbose parsed url   pathname: '^2.1.2',
37 verbose parsed url   path: '^2.1.2',
37 verbose parsed url   href: '^2.1.2' }
38 verbose addNamed [ 'grunt-browser-sync', '^2.1.2' ]
39 verbose addNamed [ null, '>=2.1.2-0 <3.0.0-0' ]
40 silly lockFile f20722cb-grunt-browser-sync-2-1-2 grunt-browser-sync@^2.1.2
41 verbose lock grunt-browser-sync@^2.1.2 /home/m1012322/.npm/f20722cb-grunt-browser-sync-2-1-2.lock
42 verbose cache add [ 'grunt-concurrent@^1.0.0', null ]
43 verbose cache add name=undefined spec="grunt-concurrent@^1.0.0" args=["grunt-concurrent@^1.0.0",null]
44 verbose parsed url { protocol: null,
44 verbose parsed url   slashes: null,
44 verbose parsed url   auth: null,
44 verbose parsed url   host: null,
44 verbose parsed url   port: null,
44 verbose parsed url   hostname: null,
44 verbose parsed url   hash: null,
44 verbose parsed url   search: null,
44 verbose parsed url   query: null,
44 verbose parsed url   pathname: 'grunt-concurrent@^1.0.0',
44 verbose parsed url   path: 'grunt-concurrent@^1.0.0',
44 verbose parsed url   href: 'grunt-concurrent@^1.0.0' }
45 verbose cache add name="grunt-concurrent" spec="^1.0.0" args=["grunt-concurrent","^1.0.0"]
46 verbose parsed url { protocol: null,
46 verbose parsed url   slashes: null,
46 verbose parsed url   auth: null,
46 verbose parsed url   host: null,
46 verbose parsed url   port: null,
46 verbose parsed url   hostname: null,
46 verbose parsed url   hash: null,
46 verbose parsed url   search: null,
46 verbose parsed url   query: null,
46 verbose parsed url   pathname: '^1.0.0',
46 verbose parsed url   path: '^1.0.0',
46 verbose parsed url   href: '^1.0.0' }
47 verbose addNamed [ 'grunt-concurrent', '^1.0.0' ]
48 verbose addNamed [ null, '>=1.0.0-0 <2.0.0-0' ]
49 silly lockFile e5d6a4fb-grunt-concurrent-1-0-0 grunt-concurrent@^1.0.0
50 verbose lock grunt-concurrent@^1.0.0 /home/m1012322/.npm/e5d6a4fb-grunt-concurrent-1-0-0.lock
51 verbose cache add [ 'grunt-contrib-clean@^0.6.0', null ]
52 verbose cache add name=undefined spec="grunt-contrib-clean@^0.6.0" args=["grunt-contrib-clean@^0.6.0",null]
53 verbose parsed url { protocol: null,
53 verbose parsed url   slashes: null,
53 verbose parsed url   auth: null,
53 verbose parsed url   host: null,
53 verbose parsed url   port: null,
53 verbose parsed url   hostname: null,
53 verbose parsed url   hash: null,
53 verbose parsed url   search: null,
53 verbose parsed url   query: null,
53 verbose parsed url   pathname: 'grunt-contrib-clean@^0.6.0',
53 verbose parsed url   path: 'grunt-contrib-clean@^0.6.0',
53 verbose parsed url   href: 'grunt-contrib-clean@^0.6.0' }
54 verbose cache add name="grunt-contrib-clean" spec="^0.6.0" args=["grunt-contrib-clean","^0.6.0"]
55 verbose parsed url { protocol: null,
55 verbose parsed url   slashes: null,
55 verbose parsed url   auth: null,
55 verbose parsed url   host: null,
55 verbose parsed url   port: null,
55 verbose parsed url   hostname: null,
55 verbose parsed url   hash: null,
55 verbose parsed url   search: null,
55 verbose parsed url   query: null,
55 verbose parsed url   pathname: '^0.6.0',
55 verbose parsed url   path: '^0.6.0',
55 verbose parsed url   href: '^0.6.0' }
56 verbose addNamed [ 'grunt-contrib-clean', '^0.6.0' ]
57 verbose addNamed [ null, '>=0.6.0-0 <0.7.0-0' ]
58 silly lockFile ca39a60f-grunt-contrib-clean-0-6-0 grunt-contrib-clean@^0.6.0
59 verbose lock grunt-contrib-clean@^0.6.0 /home/m1012322/.npm/ca39a60f-grunt-contrib-clean-0-6-0.lock
60 silly lockFile 73541f84-grunt-0-4-5 grunt@^0.4.5
61 verbose lock grunt@^0.4.5 /home/m1012322/.npm/73541f84-grunt-0-4-5.lock
62 verbose cache add [ 'grunt-contrib-concat@^0.5.1', null ]
63 verbose cache add name=undefined spec="grunt-contrib-concat@^0.5.1" args=["grunt-contrib-concat@^0.5.1",null]
64 verbose parsed url { protocol: null,
64 verbose parsed url   slashes: null,
64 verbose parsed url   auth: null,
64 verbose parsed url   host: null,
64 verbose parsed url   port: null,
64 verbose parsed url   hostname: null,
64 verbose parsed url   hash: null,
64 verbose parsed url   search: null,
64 verbose parsed url   query: null,
64 verbose parsed url   pathname: 'grunt-contrib-concat@^0.5.1',
64 verbose parsed url   path: 'grunt-contrib-concat@^0.5.1',
64 verbose parsed url   href: 'grunt-contrib-concat@^0.5.1' }
65 verbose cache add name="grunt-contrib-concat" spec="^0.5.1" args=["grunt-contrib-concat","^0.5.1"]
66 verbose parsed url { protocol: null,
66 verbose parsed url   slashes: null,
66 verbose parsed url   auth: null,
66 verbose parsed url   host: null,
66 verbose parsed url   port: null,
66 verbose parsed url   hostname: null,
66 verbose parsed url   hash: null,
66 verbose parsed url   search: null,
66 verbose parsed url   query: null,
66 verbose parsed url   pathname: '^0.5.1',
66 verbose parsed url   path: '^0.5.1',
66 verbose parsed url   href: '^0.5.1' }
67 verbose addNamed [ 'grunt-contrib-concat', '^0.5.1' ]
68 verbose addNamed [ null, '>=0.5.1-0 <0.6.0-0' ]
69 silly lockFile f332e6fb-grunt-contrib-concat-0-5-1 grunt-contrib-concat@^0.5.1
70 verbose lock grunt-contrib-concat@^0.5.1 /home/m1012322/.npm/f332e6fb-grunt-contrib-concat-0-5-1.lock
71 verbose cache add [ 'grunt-contrib-copy@^0.8.0', null ]
72 verbose cache add name=undefined spec="grunt-contrib-copy@^0.8.0" args=["grunt-contrib-copy@^0.8.0",null]
73 verbose parsed url { protocol: null,
73 verbose parsed url   slashes: null,
73 verbose parsed url   auth: null,
73 verbose parsed url   host: null,
73 verbose parsed url   port: null,
73 verbose parsed url   hostname: null,
73 verbose parsed url   hash: null,
73 verbose parsed url   search: null,
73 verbose parsed url   query: null,
73 verbose parsed url   pathname: 'grunt-contrib-copy@^0.8.0',
73 verbose parsed url   path: 'grunt-contrib-copy@^0.8.0',
73 verbose parsed url   href: 'grunt-contrib-copy@^0.8.0' }
74 verbose cache add name="grunt-contrib-copy" spec="^0.8.0" args=["grunt-contrib-copy","^0.8.0"]
75 verbose parsed url { protocol: null,
75 verbose parsed url   slashes: null,
75 verbose parsed url   auth: null,
75 verbose parsed url   host: null,
75 verbose parsed url   port: null,
75 verbose parsed url   hostname: null,
75 verbose parsed url   hash: null,
75 verbose parsed url   search: null,
75 verbose parsed url   query: null,
75 verbose parsed url   pathname: '^0.8.0',
75 verbose parsed url   path: '^0.8.0',
75 verbose parsed url   href: '^0.8.0' }
76 verbose addNamed [ 'grunt-contrib-copy', '^0.8.0' ]
77 verbose addNamed [ null, '>=0.8.0-0 <0.9.0-0' ]
78 silly lockFile a4361beb-grunt-contrib-copy-0-8-0 grunt-contrib-copy@^0.8.0
79 verbose lock grunt-contrib-copy@^0.8.0 /home/m1012322/.npm/a4361beb-grunt-contrib-copy-0-8-0.lock
80 silly addNameRange { name: 'grunt-babel',
80 silly addNameRange   range: '>=5.0.0-0 <6.0.0-0',
80 silly addNameRange   hasData: false }
81 silly addNameRange { name: 'autoprefixer-core',
81 silly addNameRange   range: '>=5.2.1-0 <6.0.0-0',
81 silly addNameRange   hasData: false }
82 silly addNameRange { name: 'grunt-browser-sync',
82 silly addNameRange   range: '>=2.1.2-0 <3.0.0-0',
82 silly addNameRange   hasData: false }
83 silly addNameRange { name: 'grunt-concurrent',
83 silly addNameRange   range: '>=1.0.0-0 <2.0.0-0',
83 silly addNameRange   hasData: false }
84 verbose cache add [ 'grunt-contrib-cssmin@^0.12.2', null ]
85 verbose cache add name=undefined spec="grunt-contrib-cssmin@^0.12.2" args=["grunt-contrib-cssmin@^0.12.2",null]
86 verbose parsed url { protocol: null,
86 verbose parsed url   slashes: null,
86 verbose parsed url   auth: null,
86 verbose parsed url   host: null,
86 verbose parsed url   port: null,
86 verbose parsed url   hostname: null,
86 verbose parsed url   hash: null,
86 verbose parsed url   search: null,
86 verbose parsed url   query: null,
86 verbose parsed url   pathname: 'grunt-contrib-cssmin@^0.12.2',
86 verbose parsed url   path: 'grunt-contrib-cssmin@^0.12.2',
86 verbose parsed url   href: 'grunt-contrib-cssmin@^0.12.2' }
87 verbose cache add name="grunt-contrib-cssmin" spec="^0.12.2" args=["grunt-contrib-cssmin","^0.12.2"]
88 verbose parsed url { protocol: null,
88 verbose parsed url   slashes: null,
88 verbose parsed url   auth: null,
88 verbose parsed url   host: null,
88 verbose parsed url   port: null,
88 verbose parsed url   hostname: null,
88 verbose parsed url   hash: null,
88 verbose parsed url   search: null,
88 verbose parsed url   query: null,
88 verbose parsed url   pathname: '^0.12.2',
88 verbose parsed url   path: '^0.12.2',
88 verbose parsed url   href: '^0.12.2' }
89 verbose addNamed [ 'grunt-contrib-cssmin', '^0.12.2' ]
90 verbose addNamed [ null, '>=0.12.2-0 <0.13.0-0' ]
91 silly lockFile f5b6707d-grunt-contrib-cssmin-0-12-2 grunt-contrib-cssmin@^0.12.2
92 verbose lock grunt-contrib-cssmin@^0.12.2 /home/m1012322/.npm/f5b6707d-grunt-contrib-cssmin-0-12-2.lock
93 verbose cache add [ 'grunt-contrib-htmlmin@^0.4.0', null ]
94 verbose cache add name=undefined spec="grunt-contrib-htmlmin@^0.4.0" args=["grunt-contrib-htmlmin@^0.4.0",null]
95 verbose parsed url { protocol: null,
95 verbose parsed url   slashes: null,
95 verbose parsed url   auth: null,
95 verbose parsed url   host: null,
95 verbose parsed url   port: null,
95 verbose parsed url   hostname: null,
95 verbose parsed url   hash: null,
95 verbose parsed url   search: null,
95 verbose parsed url   query: null,
95 verbose parsed url   pathname: 'grunt-contrib-htmlmin@^0.4.0',
95 verbose parsed url   path: 'grunt-contrib-htmlmin@^0.4.0',
95 verbose parsed url   href: 'grunt-contrib-htmlmin@^0.4.0' }
96 verbose cache add name="grunt-contrib-htmlmin" spec="^0.4.0" args=["grunt-contrib-htmlmin","^0.4.0"]
97 verbose parsed url { protocol: null,
97 verbose parsed url   slashes: null,
97 verbose parsed url   auth: null,
97 verbose parsed url   host: null,
97 verbose parsed url   port: null,
97 verbose parsed url   hostname: null,
97 verbose parsed url   hash: null,
97 verbose parsed url   search: null,
97 verbose parsed url   query: null,
97 verbose parsed url   pathname: '^0.4.0',
97 verbose parsed url   path: '^0.4.0',
97 verbose parsed url   href: '^0.4.0' }
98 verbose addNamed [ 'grunt-contrib-htmlmin', '^0.4.0' ]
99 verbose addNamed [ null, '>=0.4.0-0 <0.5.0-0' ]
100 silly lockFile 125176d8-grunt-contrib-htmlmin-0-4-0 grunt-contrib-htmlmin@^0.4.0
101 verbose lock grunt-contrib-htmlmin@^0.4.0 /home/m1012322/.npm/125176d8-grunt-contrib-htmlmin-0-4-0.lock
102 verbose cache add [ 'grunt-contrib-imagemin@^0.9.3', null ]
103 verbose cache add name=undefined spec="grunt-contrib-imagemin@^0.9.3" args=["grunt-contrib-imagemin@^0.9.3",null]
104 verbose parsed url { protocol: null,
104 verbose parsed url   slashes: null,
104 verbose parsed url   auth: null,
104 verbose parsed url   host: null,
104 verbose parsed url   port: null,
104 verbose parsed url   hostname: null,
104 verbose parsed url   hash: null,
104 verbose parsed url   search: null,
104 verbose parsed url   query: null,
104 verbose parsed url   pathname: 'grunt-contrib-imagemin@^0.9.3',
104 verbose parsed url   path: 'grunt-contrib-imagemin@^0.9.3',
104 verbose parsed url   href: 'grunt-contrib-imagemin@^0.9.3' }
105 verbose cache add name="grunt-contrib-imagemin" spec="^0.9.3" args=["grunt-contrib-imagemin","^0.9.3"]
106 verbose parsed url { protocol: null,
106 verbose parsed url   slashes: null,
106 verbose parsed url   auth: null,
106 verbose parsed url   host: null,
106 verbose parsed url   port: null,
106 verbose parsed url   hostname: null,
106 verbose parsed url   hash: null,
106 verbose parsed url   search: null,
106 verbose parsed url   query: null,
106 verbose parsed url   pathname: '^0.9.3',
106 verbose parsed url   path: '^0.9.3',
106 verbose parsed url   href: '^0.9.3' }
107 verbose addNamed [ 'grunt-contrib-imagemin', '^0.9.3' ]
108 verbose addNamed [ null, '>=0.9.3-0 <0.10.0-0' ]
109 silly lockFile 4fa245bb-grunt-contrib-imagemin-0-9-3 grunt-contrib-imagemin@^0.9.3
110 verbose lock grunt-contrib-imagemin@^0.9.3 /home/m1012322/.npm/4fa245bb-grunt-contrib-imagemin-0-9-3.lock
111 silly addNameRange { name: 'grunt-contrib-clean',
111 silly addNameRange   range: '>=0.6.0-0 <0.7.0-0',
111 silly addNameRange   hasData: false }
112 silly addNameRange { name: 'grunt', range: '>=0.4.5-0 <0.5.0-0', hasData: false }
113 silly addNameRange { name: 'grunt-contrib-concat',
113 silly addNameRange   range: '>=0.5.1-0 <0.6.0-0',
113 silly addNameRange   hasData: false }
114 verbose cache add [ 'grunt-contrib-uglify@^0.8.0', null ]
115 verbose cache add name=undefined spec="grunt-contrib-uglify@^0.8.0" args=["grunt-contrib-uglify@^0.8.0",null]
116 verbose parsed url { protocol: null,
116 verbose parsed url   slashes: null,
116 verbose parsed url   auth: null,
116 verbose parsed url   host: null,
116 verbose parsed url   port: null,
116 verbose parsed url   hostname: null,
116 verbose parsed url   hash: null,
116 verbose parsed url   search: null,
116 verbose parsed url   query: null,
116 verbose parsed url   pathname: 'grunt-contrib-uglify@^0.8.0',
116 verbose parsed url   path: 'grunt-contrib-uglify@^0.8.0',
116 verbose parsed url   href: 'grunt-contrib-uglify@^0.8.0' }
117 verbose cache add name="grunt-contrib-uglify" spec="^0.8.0" args=["grunt-contrib-uglify","^0.8.0"]
118 verbose parsed url { protocol: null,
118 verbose parsed url   slashes: null,
118 verbose parsed url   auth: null,
118 verbose parsed url   host: null,
118 verbose parsed url   port: null,
118 verbose parsed url   hostname: null,
118 verbose parsed url   hash: null,
118 verbose parsed url   search: null,
118 verbose parsed url   query: null,
118 verbose parsed url   pathname: '^0.8.0',
118 verbose parsed url   path: '^0.8.0',
118 verbose parsed url   href: '^0.8.0' }
119 verbose addNamed [ 'grunt-contrib-uglify', '^0.8.0' ]
120 verbose addNamed [ null, '>=0.8.0-0 <0.9.0-0' ]
121 silly lockFile 45ed070c-grunt-contrib-uglify-0-8-0 grunt-contrib-uglify@^0.8.0
122 verbose lock grunt-contrib-uglify@^0.8.0 /home/m1012322/.npm/45ed070c-grunt-contrib-uglify-0-8-0.lock
123 verbose cache add [ 'grunt-contrib-watch@^0.6.1', null ]
124 verbose cache add name=undefined spec="grunt-contrib-watch@^0.6.1" args=["grunt-contrib-watch@^0.6.1",null]
125 verbose parsed url { protocol: null,
125 verbose parsed url   slashes: null,
125 verbose parsed url   auth: null,
125 verbose parsed url   host: null,
125 verbose parsed url   port: null,
125 verbose parsed url   hostname: null,
125 verbose parsed url   hash: null,
125 verbose parsed url   search: null,
125 verbose parsed url   query: null,
125 verbose parsed url   pathname: 'grunt-contrib-watch@^0.6.1',
125 verbose parsed url   path: 'grunt-contrib-watch@^0.6.1',
125 verbose parsed url   href: 'grunt-contrib-watch@^0.6.1' }
126 verbose cache add name="grunt-contrib-watch" spec="^0.6.1" args=["grunt-contrib-watch","^0.6.1"]
127 verbose parsed url { protocol: null,
127 verbose parsed url   slashes: null,
127 verbose parsed url   auth: null,
127 verbose parsed url   host: null,
127 verbose parsed url   port: null,
127 verbose parsed url   hostname: null,
127 verbose parsed url   hash: null,
127 verbose parsed url   search: null,
127 verbose parsed url   query: null,
127 verbose parsed url   pathname: '^0.6.1',
127 verbose parsed url   path: '^0.6.1',
127 verbose parsed url   href: '^0.6.1' }
128 verbose addNamed [ 'grunt-contrib-watch', '^0.6.1' ]
129 verbose addNamed [ null, '>=0.6.1-0 <0.7.0-0' ]
130 silly lockFile 224b1ece-grunt-contrib-watch-0-6-1 grunt-contrib-watch@^0.6.1
131 verbose lock grunt-contrib-watch@^0.6.1 /home/m1012322/.npm/224b1ece-grunt-contrib-watch-0-6-1.lock
132 verbose cache add [ 'grunt-eslint@^16.0.0', null ]
133 verbose cache add name=undefined spec="grunt-eslint@^16.0.0" args=["grunt-eslint@^16.0.0",null]
134 verbose parsed url { protocol: null,
134 verbose parsed url   slashes: null,
134 verbose parsed url   auth: null,
134 verbose parsed url   host: null,
134 verbose parsed url   port: null,
134 verbose parsed url   hostname: null,
134 verbose parsed url   hash: null,
134 verbose parsed url   search: null,
134 verbose parsed url   query: null,
134 verbose parsed url   pathname: 'grunt-eslint@^16.0.0',
134 verbose parsed url   path: 'grunt-eslint@^16.0.0',
134 verbose parsed url   href: 'grunt-eslint@^16.0.0' }
135 verbose cache add name="grunt-eslint" spec="^16.0.0" args=["grunt-eslint","^16.0.0"]
136 verbose parsed url { protocol: null,
136 verbose parsed url   slashes: null,
136 verbose parsed url   auth: null,
136 verbose parsed url   host: null,
136 verbose parsed url   port: null,
136 verbose parsed url   hostname: null,
136 verbose parsed url   hash: null,
136 verbose parsed url   search: null,
136 verbose parsed url   query: null,
136 verbose parsed url   pathname: '^16.0.0',
136 verbose parsed url   path: '^16.0.0',
136 verbose parsed url   href: '^16.0.0' }
137 verbose addNamed [ 'grunt-eslint', '^16.0.0' ]
138 verbose addNamed [ null, '>=16.0.0-0 <17.0.0-0' ]
139 silly lockFile 67b8d185-grunt-eslint-16-0-0 grunt-eslint@^16.0.0
140 verbose lock grunt-eslint@^16.0.0 /home/m1012322/.npm/67b8d185-grunt-eslint-16-0-0.lock
141 silly addNameRange { name: 'grunt-contrib-copy',
141 silly addNameRange   range: '>=0.8.0-0 <0.9.0-0',
141 silly addNameRange   hasData: false }
142 silly addNameRange { name: 'grunt-contrib-cssmin',
142 silly addNameRange   range: '>=0.12.2-0 <0.13.0-0',
142 silly addNameRange   hasData: false }
143 silly addNameRange { name: 'grunt-contrib-htmlmin',
143 silly addNameRange   range: '>=0.4.0-0 <0.5.0-0',
143 silly addNameRange   hasData: false }
144 verbose cache add [ 'grunt-filerev@^2.2.0', null ]
145 verbose cache add name=undefined spec="grunt-filerev@^2.2.0" args=["grunt-filerev@^2.2.0",null]
146 verbose parsed url { protocol: null,
146 verbose parsed url   slashes: null,
146 verbose parsed url   auth: null,
146 verbose parsed url   host: null,
146 verbose parsed url   port: null,
146 verbose parsed url   hostname: null,
146 verbose parsed url   hash: null,
146 verbose parsed url   search: null,
146 verbose parsed url   query: null,
146 verbose parsed url   pathname: 'grunt-filerev@^2.2.0',
146 verbose parsed url   path: 'grunt-filerev@^2.2.0',
146 verbose parsed url   href: 'grunt-filerev@^2.2.0' }
147 verbose cache add name="grunt-filerev" spec="^2.2.0" args=["grunt-filerev","^2.2.0"]
148 verbose parsed url { protocol: null,
148 verbose parsed url   slashes: null,
148 verbose parsed url   auth: null,
148 verbose parsed url   host: null,
148 verbose parsed url   port: null,
148 verbose parsed url   hostname: null,
148 verbose parsed url   hash: null,
148 verbose parsed url   search: null,
148 verbose parsed url   query: null,
148 verbose parsed url   pathname: '^2.2.0',
148 verbose parsed url   path: '^2.2.0',
148 verbose parsed url   href: '^2.2.0' }
149 verbose addNamed [ 'grunt-filerev', '^2.2.0' ]
150 verbose addNamed [ null, '>=2.2.0-0 <3.0.0-0' ]
151 silly lockFile 41595724-grunt-filerev-2-2-0 grunt-filerev@^2.2.0
152 verbose lock grunt-filerev@^2.2.0 /home/m1012322/.npm/41595724-grunt-filerev-2-2-0.lock
153 verbose cache add [ 'grunt-mocha@^0.4.12', null ]
154 verbose cache add name=undefined spec="grunt-mocha@^0.4.12" args=["grunt-mocha@^0.4.12",null]
155 verbose parsed url { protocol: null,
155 verbose parsed url   slashes: null,
155 verbose parsed url   auth: null,
155 verbose parsed url   host: null,
155 verbose parsed url   port: null,
155 verbose parsed url   hostname: null,
155 verbose parsed url   hash: null,
155 verbose parsed url   search: null,
155 verbose parsed url   query: null,
155 verbose parsed url   pathname: 'grunt-mocha@^0.4.12',
155 verbose parsed url   path: 'grunt-mocha@^0.4.12',
155 verbose parsed url   href: 'grunt-mocha@^0.4.12' }
156 verbose cache add name="grunt-mocha" spec="^0.4.12" args=["grunt-mocha","^0.4.12"]
157 verbose parsed url { protocol: null,
157 verbose parsed url   slashes: null,
157 verbose parsed url   auth: null,
157 verbose parsed url   host: null,
157 verbose parsed url   port: null,
157 verbose parsed url   hostname: null,
157 verbose parsed url   hash: null,
157 verbose parsed url   search: null,
157 verbose parsed url   query: null,
157 verbose parsed url   pathname: '^0.4.12',
157 verbose parsed url   path: '^0.4.12',
157 verbose parsed url   href: '^0.4.12' }
158 verbose addNamed [ 'grunt-mocha', '^0.4.12' ]
159 verbose addNamed [ null, '>=0.4.12-0 <0.5.0-0' ]
160 silly lockFile 5b6e7e90-grunt-mocha-0-4-12 grunt-mocha@^0.4.12
161 verbose lock grunt-mocha@^0.4.12 /home/m1012322/.npm/5b6e7e90-grunt-mocha-0-4-12.lock
162 verbose cache add [ 'grunt-modernizr@^0.6.0', null ]
163 verbose cache add name=undefined spec="grunt-modernizr@^0.6.0" args=["grunt-modernizr@^0.6.0",null]
164 verbose parsed url { protocol: null,
164 verbose parsed url   slashes: null,
164 verbose parsed url   auth: null,
164 verbose parsed url   host: null,
164 verbose parsed url   port: null,
164 verbose parsed url   hostname: null,
164 verbose parsed url   hash: null,
164 verbose parsed url   search: null,
164 verbose parsed url   query: null,
164 verbose parsed url   pathname: 'grunt-modernizr@^0.6.0',
164 verbose parsed url   path: 'grunt-modernizr@^0.6.0',
164 verbose parsed url   href: 'grunt-modernizr@^0.6.0' }
165 verbose cache add name="grunt-modernizr" spec="^0.6.0" args=["grunt-modernizr","^0.6.0"]
166 verbose parsed url { protocol: null,
166 verbose parsed url   slashes: null,
166 verbose parsed url   auth: null,
166 verbose parsed url   host: null,
166 verbose parsed url   port: null,
166 verbose parsed url   hostname: null,
166 verbose parsed url   hash: null,
166 verbose parsed url   search: null,
166 verbose parsed url   query: null,
166 verbose parsed url   pathname: '^0.6.0',
166 verbose parsed url   path: '^0.6.0',
166 verbose parsed url   href: '^0.6.0' }
167 verbose addNamed [ 'grunt-modernizr', '^0.6.0' ]
168 verbose addNamed [ null, '>=0.6.0-0 <0.7.0-0' ]
169 silly lockFile 809bb921-grunt-modernizr-0-6-0 grunt-modernizr@^0.6.0
170 verbose lock grunt-modernizr@^0.6.0 /home/m1012322/.npm/809bb921-grunt-modernizr-0-6-0.lock
171 verbose cache add [ 'grunt-newer@^1.1.0', null ]
172 verbose cache add name=undefined spec="grunt-newer@^1.1.0" args=["grunt-newer@^1.1.0",null]
173 verbose parsed url { protocol: null,
173 verbose parsed url   slashes: null,
173 verbose parsed url   auth: null,
173 verbose parsed url   host: null,
173 verbose parsed url   port: null,
173 verbose parsed url   hostname: null,
173 verbose parsed url   hash: null,
173 verbose parsed url   search: null,
173 verbose parsed url   query: null,
173 verbose parsed url   pathname: 'grunt-newer@^1.1.0',
173 verbose parsed url   path: 'grunt-newer@^1.1.0',
173 verbose parsed url   href: 'grunt-newer@^1.1.0' }
174 verbose cache add name="grunt-newer" spec="^1.1.0" args=["grunt-newer","^1.1.0"]
175 verbose parsed url { protocol: null,
175 verbose parsed url   slashes: null,
175 verbose parsed url   auth: null,
175 verbose parsed url   host: null,
175 verbose parsed url   port: null,
175 verbose parsed url   hostname: null,
175 verbose parsed url   hash: null,
175 verbose parsed url   search: null,
175 verbose parsed url   query: null,
175 verbose parsed url   pathname: '^1.1.0',
175 verbose parsed url   path: '^1.1.0',
175 verbose parsed url   href: '^1.1.0' }
176 verbose addNamed [ 'grunt-newer', '^1.1.0' ]
177 verbose addNamed [ null, '>=1.1.0-0 <2.0.0-0' ]
178 silly lockFile 333fcb72-grunt-newer-1-1-0 grunt-newer@^1.1.0
179 verbose lock grunt-newer@^1.1.0 /home/m1012322/.npm/333fcb72-grunt-newer-1-1-0.lock
180 silly addNameRange { name: 'grunt-contrib-imagemin',
180 silly addNameRange   range: '>=0.9.3-0 <0.10.0-0',
180 silly addNameRange   hasData: false }
181 silly addNameRange { name: 'grunt-contrib-uglify',
181 silly addNameRange   range: '>=0.8.0-0 <0.9.0-0',
181 silly addNameRange   hasData: false }
182 silly addNameRange { name: 'grunt-contrib-watch',
182 silly addNameRange   range: '>=0.6.1-0 <0.7.0-0',
182 silly addNameRange   hasData: false }
183 verbose cache add [ 'grunt-postcss@^0.5.3', null ]
184 verbose cache add name=undefined spec="grunt-postcss@^0.5.3" args=["grunt-postcss@^0.5.3",null]
185 verbose parsed url { protocol: null,
185 verbose parsed url   slashes: null,
185 verbose parsed url   auth: null,
185 verbose parsed url   host: null,
185 verbose parsed url   port: null,
185 verbose parsed url   hostname: null,
185 verbose parsed url   hash: null,
185 verbose parsed url   search: null,
185 verbose parsed url   query: null,
185 verbose parsed url   pathname: 'grunt-postcss@^0.5.3',
185 verbose parsed url   path: 'grunt-postcss@^0.5.3',
185 verbose parsed url   href: 'grunt-postcss@^0.5.3' }
186 verbose cache add name="grunt-postcss" spec="^0.5.3" args=["grunt-postcss","^0.5.3"]
187 verbose parsed url { protocol: null,
187 verbose parsed url   slashes: null,
187 verbose parsed url   auth: null,
187 verbose parsed url   host: null,
187 verbose parsed url   port: null,
187 verbose parsed url   hostname: null,
187 verbose parsed url   hash: null,
187 verbose parsed url   search: null,
187 verbose parsed url   query: null,
187 verbose parsed url   pathname: '^0.5.3',
187 verbose parsed url   path: '^0.5.3',
187 verbose parsed url   href: '^0.5.3' }
188 verbose addNamed [ 'grunt-postcss', '^0.5.3' ]
189 verbose addNamed [ null, '>=0.5.3-0 <0.6.0-0' ]
190 silly lockFile 272ce460-grunt-postcss-0-5-3 grunt-postcss@^0.5.3
191 verbose lock grunt-postcss@^0.5.3 /home/m1012322/.npm/272ce460-grunt-postcss-0-5-3.lock
192 verbose cache add [ 'grunt-sass@^1.0.0', null ]
193 verbose cache add name=undefined spec="grunt-sass@^1.0.0" args=["grunt-sass@^1.0.0",null]
194 verbose parsed url { protocol: null,
194 verbose parsed url   slashes: null,
194 verbose parsed url   auth: null,
194 verbose parsed url   host: null,
194 verbose parsed url   port: null,
194 verbose parsed url   hostname: null,
194 verbose parsed url   hash: null,
194 verbose parsed url   search: null,
194 verbose parsed url   query: null,
194 verbose parsed url   pathname: 'grunt-sass@^1.0.0',
194 verbose parsed url   path: 'grunt-sass@^1.0.0',
194 verbose parsed url   href: 'grunt-sass@^1.0.0' }
195 verbose cache add name="grunt-sass" spec="^1.0.0" args=["grunt-sass","^1.0.0"]
196 verbose parsed url { protocol: null,
196 verbose parsed url   slashes: null,
196 verbose parsed url   auth: null,
196 verbose parsed url   host: null,
196 verbose parsed url   port: null,
196 verbose parsed url   hostname: null,
196 verbose parsed url   hash: null,
196 verbose parsed url   search: null,
196 verbose parsed url   query: null,
196 verbose parsed url   pathname: '^1.0.0',
196 verbose parsed url   path: '^1.0.0',
196 verbose parsed url   href: '^1.0.0' }
197 verbose addNamed [ 'grunt-sass', '^1.0.0' ]
198 verbose addNamed [ null, '>=1.0.0-0 <2.0.0-0' ]
199 silly lockFile b4931068-grunt-sass-1-0-0 grunt-sass@^1.0.0
200 verbose lock grunt-sass@^1.0.0 /home/m1012322/.npm/b4931068-grunt-sass-1-0-0.lock
201 verbose cache add [ 'grunt-svgmin@^2.0.1', null ]
202 verbose cache add name=undefined spec="grunt-svgmin@^2.0.1" args=["grunt-svgmin@^2.0.1",null]
203 verbose parsed url { protocol: null,
203 verbose parsed url   slashes: null,
203 verbose parsed url   auth: null,
203 verbose parsed url   host: null,
203 verbose parsed url   port: null,
203 verbose parsed url   hostname: null,
203 verbose parsed url   hash: null,
203 verbose parsed url   search: null,
203 verbose parsed url   query: null,
203 verbose parsed url   pathname: 'grunt-svgmin@^2.0.1',
203 verbose parsed url   path: 'grunt-svgmin@^2.0.1',
203 verbose parsed url   href: 'grunt-svgmin@^2.0.1' }
204 verbose cache add name="grunt-svgmin" spec="^2.0.1" args=["grunt-svgmin","^2.0.1"]
205 verbose parsed url { protocol: null,
205 verbose parsed url   slashes: null,
205 verbose parsed url   auth: null,
205 verbose parsed url   host: null,
205 verbose parsed url   port: null,
205 verbose parsed url   hostname: null,
205 verbose parsed url   hash: null,
205 verbose parsed url   search: null,
205 verbose parsed url   query: null,
205 verbose parsed url   pathname: '^2.0.1',
205 verbose parsed url   path: '^2.0.1',
205 verbose parsed url   href: '^2.0.1' }
206 verbose addNamed [ 'grunt-svgmin', '^2.0.1' ]
207 verbose addNamed [ null, '>=2.0.1-0 <3.0.0-0' ]
208 silly lockFile a2b98b94-grunt-svgmin-2-0-1 grunt-svgmin@^2.0.1
209 verbose lock grunt-svgmin@^2.0.1 /home/m1012322/.npm/a2b98b94-grunt-svgmin-2-0-1.lock
210 verbose cache add [ 'grunt-usemin@^3.0.0', null ]
211 verbose cache add name=undefined spec="grunt-usemin@^3.0.0" args=["grunt-usemin@^3.0.0",null]
212 verbose parsed url { protocol: null,
212 verbose parsed url   slashes: null,
212 verbose parsed url   auth: null,
212 verbose parsed url   host: null,
212 verbose parsed url   port: null,
212 verbose parsed url   hostname: null,
212 verbose parsed url   hash: null,
212 verbose parsed url   search: null,
212 verbose parsed url   query: null,
212 verbose parsed url   pathname: 'grunt-usemin@^3.0.0',
212 verbose parsed url   path: 'grunt-usemin@^3.0.0',
212 verbose parsed url   href: 'grunt-usemin@^3.0.0' }
213 verbose cache add name="grunt-usemin" spec="^3.0.0" args=["grunt-usemin","^3.0.0"]
214 verbose parsed url { protocol: null,
214 verbose parsed url   slashes: null,
214 verbose parsed url   auth: null,
214 verbose parsed url   host: null,
214 verbose parsed url   port: null,
214 verbose parsed url   hostname: null,
214 verbose parsed url   hash: null,
214 verbose parsed url   search: null,
214 verbose parsed url   query: null,
214 verbose parsed url   pathname: '^3.0.0',
214 verbose parsed url   path: '^3.0.0',
214 verbose parsed url   href: '^3.0.0' }
215 verbose addNamed [ 'grunt-usemin', '^3.0.0' ]
216 verbose addNamed [ null, '>=3.0.0-0 <4.0.0-0' ]
217 silly lockFile 5cb00507-grunt-usemin-3-0-0 grunt-usemin@^3.0.0
218 verbose lock grunt-usemin@^3.0.0 /home/m1012322/.npm/5cb00507-grunt-usemin-3-0-0.lock
219 silly addNameRange { name: 'grunt-eslint',
219 silly addNameRange   range: '>=16.0.0-0 <17.0.0-0',
219 silly addNameRange   hasData: false }
220 silly addNameRange { name: 'grunt-filerev',
220 silly addNameRange   range: '>=2.2.0-0 <3.0.0-0',
220 silly addNameRange   hasData: false }
221 silly addNameRange { name: 'grunt-mocha',
221 silly addNameRange   range: '>=0.4.12-0 <0.5.0-0',
221 silly addNameRange   hasData: false }
222 silly addNameRange { name: 'grunt-modernizr',
222 silly addNameRange   range: '>=0.6.0-0 <0.7.0-0',
222 silly addNameRange   hasData: false }
223 verbose cache add [ 'grunt-wiredep@^2.0.0', null ]
224 verbose cache add name=undefined spec="grunt-wiredep@^2.0.0" args=["grunt-wiredep@^2.0.0",null]
225 verbose parsed url { protocol: null,
225 verbose parsed url   slashes: null,
225 verbose parsed url   auth: null,
225 verbose parsed url   host: null,
225 verbose parsed url   port: null,
225 verbose parsed url   hostname: null,
225 verbose parsed url   hash: null,
225 verbose parsed url   search: null,
225 verbose parsed url   query: null,
225 verbose parsed url   pathname: 'grunt-wiredep@^2.0.0',
225 verbose parsed url   path: 'grunt-wiredep@^2.0.0',
225 verbose parsed url   href: 'grunt-wiredep@^2.0.0' }
226 verbose cache add name="grunt-wiredep" spec="^2.0.0" args=["grunt-wiredep","^2.0.0"]
227 verbose parsed url { protocol: null,
227 verbose parsed url   slashes: null,
227 verbose parsed url   auth: null,
227 verbose parsed url   host: null,
227 verbose parsed url   port: null,
227 verbose parsed url   hostname: null,
227 verbose parsed url   hash: null,
227 verbose parsed url   search: null,
227 verbose parsed url   query: null,
227 verbose parsed url   pathname: '^2.0.0',
227 verbose parsed url   path: '^2.0.0',
227 verbose parsed url   href: '^2.0.0' }
228 verbose addNamed [ 'grunt-wiredep', '^2.0.0' ]
229 verbose addNamed [ null, '>=2.0.0-0 <3.0.0-0' ]
230 silly lockFile fa324219-grunt-wiredep-2-0-0 grunt-wiredep@^2.0.0
231 verbose lock grunt-wiredep@^2.0.0 /home/m1012322/.npm/fa324219-grunt-wiredep-2-0-0.lock
232 verbose cache add [ 'jit-grunt@^0.9.1', null ]
233 verbose cache add name=undefined spec="jit-grunt@^0.9.1" args=["jit-grunt@^0.9.1",null]
234 verbose parsed url { protocol: null,
234 verbose parsed url   slashes: null,
234 verbose parsed url   auth: null,
234 verbose parsed url   host: null,
234 verbose parsed url   port: null,
234 verbose parsed url   hostname: null,
234 verbose parsed url   hash: null,
234 verbose parsed url   search: null,
234 verbose parsed url   query: null,
234 verbose parsed url   pathname: 'jit-grunt@^0.9.1',
234 verbose parsed url   path: 'jit-grunt@^0.9.1',
234 verbose parsed url   href: 'jit-grunt@^0.9.1' }
235 verbose cache add name="jit-grunt" spec="^0.9.1" args=["jit-grunt","^0.9.1"]
236 verbose parsed url { protocol: null,
236 verbose parsed url   slashes: null,
236 verbose parsed url   auth: null,
236 verbose parsed url   host: null,
236 verbose parsed url   port: null,
236 verbose parsed url   hostname: null,
236 verbose parsed url   hash: null,
236 verbose parsed url   search: null,
236 verbose parsed url   query: null,
236 verbose parsed url   pathname: '^0.9.1',
236 verbose parsed url   path: '^0.9.1',
236 verbose parsed url   href: '^0.9.1' }
237 verbose addNamed [ 'jit-grunt', '^0.9.1' ]
238 verbose addNamed [ null, '>=0.9.1-0 <0.10.0-0' ]
239 silly lockFile 9b4591b4-jit-grunt-0-9-1 jit-grunt@^0.9.1
240 verbose lock jit-grunt@^0.9.1 /home/m1012322/.npm/9b4591b4-jit-grunt-0-9-1.lock
241 silly addNameRange { name: 'grunt-newer',
241 silly addNameRange   range: '>=1.1.0-0 <2.0.0-0',
241 silly addNameRange   hasData: false }
242 verbose url raw grunt-babel
243 verbose url resolving [ 'http://registry.npmjs.org/', './grunt-babel' ]
244 verbose url resolved http://registry.npmjs.org/grunt-babel
245 info trying registry request attempt 1 at 20:26:10
246 verbose etag "F31UJY6WPC8VQ5D9HEXR81ZFO"
247 http GET http://registry.npmjs.org/grunt-babel
248 verbose url raw autoprefixer-core
249 verbose url resolving [ 'http://registry.npmjs.org/', './autoprefixer-core' ]
250 verbose url resolved http://registry.npmjs.org/autoprefixer-core
251 info trying registry request attempt 1 at 20:26:10
252 verbose etag "VBY9EV0ABGT568N2I2XO6CDF"
253 http GET http://registry.npmjs.org/autoprefixer-core
254 verbose url raw grunt-browser-sync
255 verbose url resolving [ 'http://registry.npmjs.org/', './grunt-browser-sync' ]
256 verbose url resolved http://registry.npmjs.org/grunt-browser-sync
257 info trying registry request attempt 1 at 20:26:10
258 verbose etag "9L5L40S9QFA6CCECAUH2DGG35"
259 http GET http://registry.npmjs.org/grunt-browser-sync
260 verbose url raw grunt-concurrent
261 verbose url resolving [ 'http://registry.npmjs.org/', './grunt-concurrent' ]
262 verbose url resolved http://registry.npmjs.org/grunt-concurrent
263 info trying registry request attempt 1 at 20:26:10
264 verbose etag "2Y9KKIF6JD99OQ5JJ1SGNVGK2"
265 http GET http://registry.npmjs.org/grunt-concurrent
266 silly addNameRange { name: 'grunt-postcss',
266 silly addNameRange   range: '>=0.5.3-0 <0.6.0-0',
266 silly addNameRange   hasData: false }
267 silly addNameRange { name: 'grunt-sass',
267 silly addNameRange   range: '>=1.0.0-0 <2.0.0-0',
267 silly addNameRange   hasData: false }
268 silly addNameRange { name: 'grunt-svgmin',
268 silly addNameRange   range: '>=2.0.1-0 <3.0.0-0',
268 silly addNameRange   hasData: false }
269 verbose cache add [ 'time-grunt@^1.1.0', null ]
270 verbose cache add name=undefined spec="time-grunt@^1.1.0" args=["time-grunt@^1.1.0",null]
271 verbose parsed url { protocol: null,
271 verbose parsed url   slashes: null,
271 verbose parsed url   auth: null,
271 verbose parsed url   host: null,
271 verbose parsed url   port: null,
271 verbose parsed url   hostname: null,
271 verbose parsed url   hash: null,
271 verbose parsed url   search: null,
271 verbose parsed url   query: null,
271 verbose parsed url   pathname: 'time-grunt@^1.1.0',
271 verbose parsed url   path: 'time-grunt@^1.1.0',
271 verbose parsed url   href: 'time-grunt@^1.1.0' }
272 verbose cache add name="time-grunt" spec="^1.1.0" args=["time-grunt","^1.1.0"]
273 verbose parsed url { protocol: null,
273 verbose parsed url   slashes: null,
273 verbose parsed url   auth: null,
273 verbose parsed url   host: null,
273 verbose parsed url   port: null,
273 verbose parsed url   hostname: null,
273 verbose parsed url   hash: null,
273 verbose parsed url   search: null,
273 verbose parsed url   query: null,
273 verbose parsed url   pathname: '^1.1.0',
273 verbose parsed url   path: '^1.1.0',
273 verbose parsed url   href: '^1.1.0' }
274 verbose addNamed [ 'time-grunt', '^1.1.0' ]
275 verbose addNamed [ null, '>=1.1.0-0 <2.0.0-0' ]
276 silly lockFile 448b8b73-time-grunt-1-1-0 time-grunt@^1.1.0
277 verbose lock time-grunt@^1.1.0 /home/m1012322/.npm/448b8b73-time-grunt-1-1-0.lock
278 silly addNameRange { name: 'grunt-usemin',
278 silly addNameRange   range: '>=3.0.0-0 <4.0.0-0',
278 silly addNameRange   hasData: false }
279 verbose url raw grunt-contrib-clean
280 verbose url resolving [ 'http://registry.npmjs.org/', './grunt-contrib-clean' ]
281 verbose url resolved http://registry.npmjs.org/grunt-contrib-clean
282 info trying registry request attempt 1 at 20:26:10
283 verbose etag "3VKP8H22X1S09L0F01GD42UQW"
284 http GET http://registry.npmjs.org/grunt-contrib-clean
285 verbose url raw grunt
286 verbose url resolving [ 'http://registry.npmjs.org/', './grunt' ]
287 verbose url resolved http://registry.npmjs.org/grunt
288 info trying registry request attempt 1 at 20:26:10
289 verbose etag "7JH8QY12QE5VJWNOEHW9M3ZEH"
290 http GET http://registry.npmjs.org/grunt
291 verbose url raw grunt-contrib-concat
292 verbose url resolving [ 'http://registry.npmjs.org/', './grunt-contrib-concat' ]
293 verbose url resolved http://registry.npmjs.org/grunt-contrib-concat
294 info trying registry request attempt 1 at 20:26:10
295 verbose etag "BJZQQW44GF3E1PK3XM6T0TOTA"
296 http GET http://registry.npmjs.org/grunt-contrib-concat
297 silly addNameRange { name: 'grunt-wiredep',
297 silly addNameRange   range: '>=2.0.0-0 <3.0.0-0',
297 silly addNameRange   hasData: false }
298 silly addNameRange { name: 'jit-grunt',
298 silly addNameRange   range: '>=0.9.1-0 <0.10.0-0',
298 silly addNameRange   hasData: false }
299 verbose url raw grunt-contrib-copy
300 verbose url resolving [ 'http://registry.npmjs.org/', './grunt-contrib-copy' ]
301 verbose url resolved http://registry.npmjs.org/grunt-contrib-copy
302 info trying registry request attempt 1 at 20:26:10
303 verbose etag "49ZGIC77WPVLEI0NBVBYC0HJ7"
304 http GET http://registry.npmjs.org/grunt-contrib-copy
305 verbose url raw grunt-contrib-cssmin
306 verbose url resolving [ 'http://registry.npmjs.org/', './grunt-contrib-cssmin' ]
307 verbose url resolved http://registry.npmjs.org/grunt-contrib-cssmin
308 info trying registry request attempt 1 at 20:26:10
309 verbose etag "ACZQHDOXH74RTVJDFPXZNE6TK"
310 http GET http://registry.npmjs.org/grunt-contrib-cssmin
311 verbose url raw grunt-contrib-htmlmin
312 verbose url resolving [ 'http://registry.npmjs.org/', './grunt-contrib-htmlmin' ]
313 verbose url resolved http://registry.npmjs.org/grunt-contrib-htmlmin
314 info trying registry request attempt 1 at 20:26:10
315 verbose etag "DTC286DTVVRXDRKFU29X22ZFU"
316 http GET http://registry.npmjs.org/grunt-contrib-htmlmin
317 silly addNameRange { name: 'time-grunt',
317 silly addNameRange   range: '>=1.1.0-0 <2.0.0-0',
317 silly addNameRange   hasData: false }
318 verbose url raw grunt-contrib-imagemin
319 verbose url resolving [ 'http://registry.npmjs.org/', './grunt-contrib-imagemin' ]
320 verbose url resolved http://registry.npmjs.org/grunt-contrib-imagemin
321 info trying registry request attempt 1 at 20:26:10
322 verbose etag "C9BGV982U033KZVOTJU0L92P7"
323 http GET http://registry.npmjs.org/grunt-contrib-imagemin
324 verbose url raw grunt-contrib-uglify
325 verbose url resolving [ 'http://registry.npmjs.org/', './grunt-contrib-uglify' ]
326 verbose url resolved http://registry.npmjs.org/grunt-contrib-uglify
327 info trying registry request attempt 1 at 20:26:10
328 verbose etag "ATT194I6TNON32VDW0W5EGMIS"
329 http GET http://registry.npmjs.org/grunt-contrib-uglify
330 verbose url raw grunt-contrib-watch
331 verbose url resolving [ 'http://registry.npmjs.org/', './grunt-contrib-watch' ]
332 verbose url resolved http://registry.npmjs.org/grunt-contrib-watch
333 info trying registry request attempt 1 at 20:26:10
334 verbose etag "EHAJ5CSKB73KS8PH48VGJOSUB"
335 http GET http://registry.npmjs.org/grunt-contrib-watch
336 verbose url raw grunt-eslint
337 verbose url resolving [ 'http://registry.npmjs.org/', './grunt-eslint' ]
338 verbose url resolved http://registry.npmjs.org/grunt-eslint
339 info trying registry request attempt 1 at 20:26:10
340 verbose etag "6C46UC8OCFBFMJLFKCHSTZM6I"
341 http GET http://registry.npmjs.org/grunt-eslint
342 verbose url raw grunt-mocha
343 verbose url resolving [ 'http://registry.npmjs.org/', './grunt-mocha' ]
344 verbose url resolved http://registry.npmjs.org/grunt-mocha
345 info trying registry request attempt 1 at 20:26:10
346 verbose etag "C1KN1P57UZJ4L7F86IBP5X4EI"
347 http GET http://registry.npmjs.org/grunt-mocha
348 verbose url raw grunt-filerev
349 verbose url resolving [ 'http://registry.npmjs.org/', './grunt-filerev' ]
350 verbose url resolved http://registry.npmjs.org/grunt-filerev
351 info trying registry request attempt 1 at 20:26:10
352 verbose etag "F4OKDPJLOXWY1CJO8COQEIDCB"
353 http GET http://registry.npmjs.org/grunt-filerev
354 verbose url raw grunt-modernizr
355 verbose url resolving [ 'http://registry.npmjs.org/', './grunt-modernizr' ]
356 verbose url resolved http://registry.npmjs.org/grunt-modernizr
357 info trying registry request attempt 1 at 20:26:10
358 verbose etag "DMMPODLGFMZNFAZYGXXPZZBAZ"
359 http GET http://registry.npmjs.org/grunt-modernizr
360 verbose url raw grunt-newer
361 verbose url resolving [ 'http://registry.npmjs.org/', './grunt-newer' ]
362 verbose url resolved http://registry.npmjs.org/grunt-newer
363 info trying registry request attempt 1 at 20:26:10
364 verbose etag "6RR9GKY340CC7UP3F4I8PLD8Z"
365 http GET http://registry.npmjs.org/grunt-newer
366 verbose url raw grunt-sass
367 verbose url resolving [ 'http://registry.npmjs.org/', './grunt-sass' ]
368 verbose url resolved http://registry.npmjs.org/grunt-sass
369 info trying registry request attempt 1 at 20:26:10
370 verbose etag "4WQH4BDMW91YLQWCWXBSBC1HU"
371 http GET http://registry.npmjs.org/grunt-sass
372 verbose url raw grunt-postcss
373 verbose url resolving [ 'http://registry.npmjs.org/', './grunt-postcss' ]
374 verbose url resolved http://registry.npmjs.org/grunt-postcss
375 info trying registry request attempt 1 at 20:26:10
376 verbose etag "6S3C4QZAASAFFH0T02K2MNNLY"
377 http GET http://registry.npmjs.org/grunt-postcss
378 verbose url raw grunt-svgmin
379 verbose url resolving [ 'http://registry.npmjs.org/', './grunt-svgmin' ]
380 verbose url resolved http://registry.npmjs.org/grunt-svgmin
381 info trying registry request attempt 1 at 20:26:10
382 verbose etag "9FSKI3RKKA2AM5U24KKGPKHTR"
383 http GET http://registry.npmjs.org/grunt-svgmin
384 verbose url raw grunt-usemin
385 verbose url resolving [ 'http://registry.npmjs.org/', './grunt-usemin' ]
386 verbose url resolved http://registry.npmjs.org/grunt-usemin
387 info trying registry request attempt 1 at 20:26:10
388 verbose etag "1H77J4R6PP7X1NR2VDFMS7Z1V"
389 http GET http://registry.npmjs.org/grunt-usemin
390 verbose url raw grunt-wiredep
391 verbose url resolving [ 'http://registry.npmjs.org/', './grunt-wiredep' ]
392 verbose url resolved http://registry.npmjs.org/grunt-wiredep
393 info trying registry request attempt 1 at 20:26:10
394 verbose etag "64Z8KP8JQU7FNT7C8X52NAH0W"
395 http GET http://registry.npmjs.org/grunt-wiredep
396 verbose url raw jit-grunt
397 verbose url resolving [ 'http://registry.npmjs.org/', './jit-grunt' ]
398 verbose url resolved http://registry.npmjs.org/jit-grunt
399 info trying registry request attempt 1 at 20:26:10
400 verbose etag "3L4XS3BPAZ7IDJNKX2ZZPPJMX"
401 http GET http://registry.npmjs.org/jit-grunt
402 verbose url raw time-grunt
403 verbose url resolving [ 'http://registry.npmjs.org/', './time-grunt' ]
404 verbose url resolved http://registry.npmjs.org/time-grunt
405 info trying registry request attempt 1 at 20:26:10
406 verbose etag "8P3TIR9DEYGBVDVZZUOW6YT4W"
407 http GET http://registry.npmjs.org/time-grunt
408 http 304 http://registry.npmjs.org/grunt-babel
409 silly registry.get cb [ 304,
409 silly registry.get   { date: 'Fri, 21 Aug 2015 14:55:37 GMT',
409 silly registry.get     'cache-control': 'max-age=60',
409 silly registry.get     etag: '"F31UJY6WPC8VQ5D9HEXR81ZFO"',
409 silly registry.get     age: '20',
409 silly registry.get     'x-served-by': 'cache-fra1233-FRA',
409 silly registry.get     'x-cache': 'HIT, MISS from Uranus_BLR',
409 silly registry.get     'x-cache-hits': '1',
409 silly registry.get     'x-timer': 'S1440168937.529916,VS0,VE0',
409 silly registry.get     vary: 'Accept',
409 silly registry.get     'x-cache-lookup': 'MISS from Uranus_BLR:8085',
409 silly registry.get     via: '1.1 varnish, 1.0 Uranus_BLR:8085 (squid)',
409 silly registry.get     'proxy-connection': 'close' } ]
410 verbose etag grunt-babel from cache
411 http 304 http://registry.npmjs.org/grunt-concurrent
412 silly registry.get cb [ 304,
412 silly registry.get   { date: 'Fri, 21 Aug 2015 14:55:37 GMT',
412 silly registry.get     'cache-control': 'max-age=60',
412 silly registry.get     etag: '"2Y9KKIF6JD99OQ5JJ1SGNVGK2"',
412 silly registry.get     age: '37',
412 silly registry.get     'x-served-by': 'cache-fra1238-FRA',
412 silly registry.get     'x-cache': 'HIT, MISS from Uranus_BLR',
412 silly registry.get     'x-cache-hits': '1',
412 silly registry.get     'x-timer': 'S1440168937.529582,VS0,VE0',
412 silly registry.get     vary: 'Accept',
412 silly registry.get     'x-cache-lookup': 'MISS from Uranus_BLR:8085',
412 silly registry.get     via: '1.1 varnish, 1.0 Uranus_BLR:8085 (squid)',
412 silly registry.get     'proxy-connection': 'close' } ]
413 verbose etag grunt-concurrent from cache
414 http 304 http://registry.npmjs.org/autoprefixer-core
415 silly registry.get cb [ 304,
415 silly registry.get   { date: 'Fri, 21 Aug 2015 14:55:37 GMT',
415 silly registry.get     'cache-control': 'max-age=60',
415 silly registry.get     etag: '"VBY9EV0ABGT568N2I2XO6CDF"',
415 silly registry.get     age: '46',
415 silly registry.get     'x-served-by': 'cache-fra1236-FRA',
415 silly registry.get     'x-cache': 'HIT, MISS from Uranus_BLR',
415 silly registry.get     'x-cache-hits': '1',
415 silly registry.get     'x-timer': 'S1440168937.529439,VS0,VE0',
415 silly registry.get     vary: 'Accept',
415 silly registry.get     'x-cache-lookup': 'MISS from Uranus_BLR:8085',
415 silly registry.get     via: '1.1 varnish, 1.0 Uranus_BLR:8085 (squid)',
415 silly registry.get     'proxy-connection': 'close' } ]
416 verbose etag autoprefixer-core from cache
417 http 304 http://registry.npmjs.org/grunt-contrib-clean
418 silly registry.get cb [ 304,
418 silly registry.get   { date: 'Fri, 21 Aug 2015 14:55:37 GMT',
418 silly registry.get     'cache-control': 'max-age=60',
418 silly registry.get     etag: '"3VKP8H22X1S09L0F01GD42UQW"',
418 silly registry.get     age: '24',
418 silly registry.get     'x-served-by': 'cache-fra1223-FRA',
418 silly registry.get     'x-cache': 'HIT, MISS from Uranus_BLR',
418 silly registry.get     'x-cache-hits': '1',
418 silly registry.get     'x-timer': 'S1440168937.535846,VS0,VE0',
418 silly registry.get     vary: 'Accept',
418 silly registry.get     'x-cache-lookup': 'MISS from Uranus_BLR:8085',
418 silly registry.get     via: '1.1 varnish, 1.0 Uranus_BLR:8085 (squid)',
418 silly registry.get     'proxy-connection': 'close' } ]
419 verbose etag grunt-contrib-clean from cache
420 silly addNameRange number 2 { name: 'grunt-babel',
420 silly addNameRange   range: '>=5.0.0-0 <6.0.0-0',
420 silly addNameRange   hasData: true }
421 silly addNameRange versions [ 'grunt-babel', [ '4.0.0', '5.0.0', '5.0.1' ] ]
422 verbose addNamed [ 'grunt-babel', '5.0.1' ]
423 verbose addNamed [ '5.0.1', '5.0.1' ]
424 silly lockFile 6f5cdf89-grunt-babel-5-0-1 grunt-babel@5.0.1
425 verbose lock grunt-babel@5.0.1 /home/m1012322/.npm/6f5cdf89-grunt-babel-5-0-1.lock
426 silly addNameRange number 2 { name: 'grunt-contrib-clean',
426 silly addNameRange   range: '>=0.6.0-0 <0.7.0-0',
426 silly addNameRange   hasData: true }
427 silly addNameRange versions [ 'grunt-contrib-clean',
427 silly addNameRange   [ '0.1.0',
427 silly addNameRange     '0.2.0',
427 silly addNameRange     '0.3.0',
427 silly addNameRange     '0.3.1',
427 silly addNameRange     '0.3.2',
427 silly addNameRange     '0.4.0',
427 silly addNameRange     '0.4.1',
427 silly addNameRange     '0.5.0',
427 silly addNameRange     '0.6.0',
427 silly addNameRange     '0.4.0-a',
427 silly addNameRange     '0.4.0-rc5',
427 silly addNameRange     '0.4.0-rc6' ] ]
428 verbose addNamed [ 'grunt-contrib-clean', '0.6.0' ]
429 verbose addNamed [ '0.6.0', '0.6.0' ]
430 silly lockFile 0a668ef6-grunt-contrib-clean-0-6-0 grunt-contrib-clean@0.6.0
431 verbose lock grunt-contrib-clean@0.6.0 /home/m1012322/.npm/0a668ef6-grunt-contrib-clean-0-6-0.lock
432 silly addNameRange number 2 { name: 'grunt-concurrent',
432 silly addNameRange   range: '>=1.0.0-0 <2.0.0-0',
432 silly addNameRange   hasData: true }
433 silly addNameRange versions [ 'grunt-concurrent',
433 silly addNameRange   [ '0.1.0',
433 silly addNameRange     '0.1.1',
433 silly addNameRange     '0.2.0',
433 silly addNameRange     '0.3.0',
433 silly addNameRange     '0.3.1',
433 silly addNameRange     '0.4.0',
433 silly addNameRange     '0.4.1',
433 silly addNameRange     '0.4.2',
433 silly addNameRange     '0.4.3',
433 silly addNameRange     '0.5.0',
433 silly addNameRange     '1.0.0',
433 silly addNameRange     '1.0.1',
433 silly addNameRange     '2.0.0',
433 silly addNameRange     '2.0.1',
433 silly addNameRange     '2.0.2' ] ]
434 verbose addNamed [ 'grunt-concurrent', '1.0.1' ]
435 verbose addNamed [ '1.0.1', '1.0.1' ]
436 silly lockFile 38a26995-grunt-concurrent-1-0-1 grunt-concurrent@1.0.1
437 verbose lock grunt-concurrent@1.0.1 /home/m1012322/.npm/38a26995-grunt-concurrent-1-0-1.lock
438 silly addNameRange number 2 { name: 'autoprefixer-core',
438 silly addNameRange   range: '>=5.2.1-0 <6.0.0-0',
438 silly addNameRange   hasData: true }
439 silly addNameRange versions [ 'autoprefixer-core',
439 silly addNameRange   [ '3.0.0',
439 silly addNameRange     '3.0.1',
439 silly addNameRange     '3.1.0',
439 silly addNameRange     '3.1.1',
439 silly addNameRange     '3.1.2',
439 silly addNameRange     '4.0.0',
439 silly addNameRange     '4.0.1',
439 silly addNameRange     '4.0.2',
439 silly addNameRange     '5.0.0',
439 silly addNameRange     '5.1.0',
439 silly addNameRange     '5.1.1',
439 silly addNameRange     '5.1.2',
439 silly addNameRange     '5.1.3',
439 silly addNameRange     '5.1.4',
439 silly addNameRange     '5.1.5',
439 silly addNameRange     '5.1.6',
439 silly addNameRange     '5.1.7',
439 silly addNameRange     '5.1.8',
439 silly addNameRange     '5.1.9',
439 silly addNameRange     '5.1.10',
439 silly addNameRange     '5.1.11',
439 silly addNameRange     '5.2.0',
439 silly addNameRange     '5.2.1' ] ]
440 verbose addNamed [ 'autoprefixer-core', '5.2.1' ]
441 verbose addNamed [ '5.2.1', '5.2.1' ]
442 silly lockFile 4f30a0ba-autoprefixer-core-5-2-1 autoprefixer-core@5.2.1
443 verbose lock autoprefixer-core@5.2.1 /home/m1012322/.npm/4f30a0ba-autoprefixer-core-5-2-1.lock
444 silly lockFile ea47aa2b-runt-babel-grunt-babel-5-0-1-tgz http://registry.npmjs.org/grunt-babel/-/grunt-babel-5.0.1.tgz
445 verbose lock http://registry.npmjs.org/grunt-babel/-/grunt-babel-5.0.1.tgz /home/m1012322/.npm/ea47aa2b-runt-babel-grunt-babel-5-0-1-tgz.lock
446 silly lockFile a6d24445-an-grunt-contrib-clean-0-6-0-tgz http://registry.npmjs.org/grunt-contrib-clean/-/grunt-contrib-clean-0.6.0.tgz
447 verbose lock http://registry.npmjs.org/grunt-contrib-clean/-/grunt-contrib-clean-0.6.0.tgz /home/m1012322/.npm/a6d24445-an-grunt-contrib-clean-0-6-0-tgz.lock
448 silly lockFile c977761c-rrent-grunt-concurrent-1-0-1-tgz http://registry.npmjs.org/grunt-concurrent/-/grunt-concurrent-1.0.1.tgz
449 verbose lock http://registry.npmjs.org/grunt-concurrent/-/grunt-concurrent-1.0.1.tgz /home/m1012322/.npm/c977761c-rrent-grunt-concurrent-1-0-1-tgz.lock
450 silly lockFile 5ea4b970-core-autoprefixer-core-5-2-1-tgz http://registry.npmjs.org/autoprefixer-core/-/autoprefixer-core-5.2.1.tgz
451 verbose lock http://registry.npmjs.org/autoprefixer-core/-/autoprefixer-core-5.2.1.tgz /home/m1012322/.npm/5ea4b970-core-autoprefixer-core-5-2-1-tgz.lock
452 verbose addRemoteTarball [ 'http://registry.npmjs.org/grunt-babel/-/grunt-babel-5.0.1.tgz',
452 verbose addRemoteTarball   'c3fab39f32212ab9527b17ac546d681521c10a9a' ]
453 verbose addRemoteTarball [ 'http://registry.npmjs.org/grunt-contrib-clean/-/grunt-contrib-clean-0.6.0.tgz',
453 verbose addRemoteTarball   'f532dba4b8212674c7c013e146bda6638b9048f6' ]
454 verbose addRemoteTarball [ 'http://registry.npmjs.org/grunt-concurrent/-/grunt-concurrent-1.0.1.tgz',
454 verbose addRemoteTarball   'd6e2fb1c3ce0d9d074cbfcd78537e4e407bf2fb1' ]
455 verbose addRemoteTarball [ 'http://registry.npmjs.org/autoprefixer-core/-/autoprefixer-core-5.2.1.tgz',
455 verbose addRemoteTarball   'e640c414ae419aae21c1ad43c8ea0f3db82a566d' ]
456 silly lockFile ea47aa2b-runt-babel-grunt-babel-5-0-1-tgz http://registry.npmjs.org/grunt-babel/-/grunt-babel-5.0.1.tgz
457 silly lockFile ea47aa2b-runt-babel-grunt-babel-5-0-1-tgz http://registry.npmjs.org/grunt-babel/-/grunt-babel-5.0.1.tgz
458 silly lockFile a6d24445-an-grunt-contrib-clean-0-6-0-tgz http://registry.npmjs.org/grunt-contrib-clean/-/grunt-contrib-clean-0.6.0.tgz
459 silly lockFile a6d24445-an-grunt-contrib-clean-0-6-0-tgz http://registry.npmjs.org/grunt-contrib-clean/-/grunt-contrib-clean-0.6.0.tgz
460 silly lockFile c977761c-rrent-grunt-concurrent-1-0-1-tgz http://registry.npmjs.org/grunt-concurrent/-/grunt-concurrent-1.0.1.tgz
461 silly lockFile c977761c-rrent-grunt-concurrent-1-0-1-tgz http://registry.npmjs.org/grunt-concurrent/-/grunt-concurrent-1.0.1.tgz
462 silly lockFile 6f5cdf89-grunt-babel-5-0-1 grunt-babel@5.0.1
463 silly lockFile 6f5cdf89-grunt-babel-5-0-1 grunt-babel@5.0.1
464 silly lockFile 0a668ef6-grunt-contrib-clean-0-6-0 grunt-contrib-clean@0.6.0
465 silly lockFile 0a668ef6-grunt-contrib-clean-0-6-0 grunt-contrib-clean@0.6.0
466 silly lockFile 38a26995-grunt-concurrent-1-0-1 grunt-concurrent@1.0.1
467 silly lockFile 38a26995-grunt-concurrent-1-0-1 grunt-concurrent@1.0.1
468 silly lockFile 5ea4b970-core-autoprefixer-core-5-2-1-tgz http://registry.npmjs.org/autoprefixer-core/-/autoprefixer-core-5.2.1.tgz
469 silly lockFile 5ea4b970-core-autoprefixer-core-5-2-1-tgz http://registry.npmjs.org/autoprefixer-core/-/autoprefixer-core-5.2.1.tgz
470 silly lockFile 41a553de-grunt-babel-5-0-0 grunt-babel@^5.0.0
471 silly lockFile 41a553de-grunt-babel-5-0-0 grunt-babel@^5.0.0
472 silly lockFile ca39a60f-grunt-contrib-clean-0-6-0 grunt-contrib-clean@^0.6.0
473 silly lockFile ca39a60f-grunt-contrib-clean-0-6-0 grunt-contrib-clean@^0.6.0
474 silly lockFile e5d6a4fb-grunt-concurrent-1-0-0 grunt-concurrent@^1.0.0
475 silly lockFile e5d6a4fb-grunt-concurrent-1-0-0 grunt-concurrent@^1.0.0
476 silly lockFile 4f30a0ba-autoprefixer-core-5-2-1 autoprefixer-core@5.2.1
477 silly lockFile 4f30a0ba-autoprefixer-core-5-2-1 autoprefixer-core@5.2.1
478 error Error: EACCES, mkdir '/home/m1012322/tmp/npm-2748-3cS9pg3V'
478 error  { [Error: EACCES, mkdir '/home/m1012322/tmp/npm-2748-3cS9pg3V']
478 error   errno: 3,
478 error   code: 'EACCES',
478 error   path: '/home/m1012322/tmp/npm-2748-3cS9pg3V' }
479 error Please try running this command again as root/Administrator.
480 error System Linux 3.13.0-62-generic
481 error command "/usr/bin/nodejs" "/usr/bin/npm" "install"
482 error cwd /home/m1012322/dbiz/exp/basic/basic
483 error node -v v0.10.25
484 error npm -v 1.3.10
485 error path /home/m1012322/tmp/npm-2748-3cS9pg3V
486 error code EACCES
487 error errno 3
488 error stack Error: EACCES, mkdir '/home/m1012322/tmp/npm-2748-3cS9pg3V'
489 verbose exit [ 3, true ]
